# JRE version: Java(TM) SE Runtime Environment (7.0_71-b14) (build 1.7.0_71-b14)
# Java VM: Java HotSpot(TM) 64-Bit Server VM (24.71-b01 mixed mode linux-amd64 compressed oops)
Heap
 def new generation   total 14400K, used 2718K [0x00000000b8000000, 0x00000000b8f90000, 0x00000000cd550000)
  eden space 12864K,   9% used [0x00000000b8000000, 0x00000000b8127a10, 0x00000000b8c90000)
  from space 1536K,  99% used [0x00000000b8e10000, 0x00000000b8f8fff8, 0x00000000b8f90000)
  to   space 1536K,   0% used [0x00000000b8c90000, 0x00000000b8c90000, 0x00000000b8e10000)
 tenured generation   total 31700K, used 20823K [0x00000000cd550000, 0x00000000cf445000, 0x00000000f8000000)
   the space 31700K,  65% used [0x00000000cd550000, 0x00000000ce9a5c80, 0x00000000ce9a5e00, 0x00000000cf445000)
 compacting perm gen  total 40128K, used 40120K [0x00000000f8000000, 0x00000000fa730000, 0x0000000100000000)
   the space 40128K,  99% used [0x00000000f8000000, 0x00000000fa72e060, 0x00000000fa72e200, 0x00000000fa730000)
GC Heap History (10 events):
Event: 24.459 GC heap before
{Heap before GC invocations=17 (full 2):
 def new generation   total 13440K, used 13439K [0x00000000b8000000, 0x00000000b8e90000, 0x00000000cd550000)
  eden space 11968K, 100% used [0x00000000b8000000, 0x00000000b8bb0000, 0x00000000b8bb0000)
  from space 1472K,  99% used [0x00000000b8bb0000, 0x00000000b8d1fff8, 0x00000000b8d20000)
  to   space 1472K,   0% used [0x00000000b8d20000, 0x00000000b8d20000, 0x00000000b8e90000)
 tenured generation   total 29620K, used 23776K [0x00000000cd550000, 0x00000000cf23d000, 0x00000000f8000000)
   the space 29620K,  80% used [0x00000000cd550000, 0x00000000cec882c0, 0x00000000cec88400, 0x00000000cf23d000)
 compacting perm gen  total 34688K, used 34619K [0x00000000f8000000, 0x00000000fa1e0000, 0x0000000100000000)
   the space 34688K,  99% used [0x00000000f8000000, 0x00000000fa1cec40, 0x00000000fa1cee00, 0x00000000fa1e0000)
No shared spaces configured.
Event: 24.479 GC heap after
Heap after GC invocations=18 (full 2):
 def new generation   total 13440K, used 644K [0x00000000b8000000, 0x00000000b8e90000, 0x00000000cd550000)
  eden space 11968K,   0% used [0x00000000b8000000, 0x00000000b8000000, 0x00000000b8bb0000)
  from space 1472K,  43% used [0x00000000b8d20000, 0x00000000b8dc11a0, 0x00000000b8e90000)
  to   space 1472K,   0% used [0x00000000b8bb0000, 0x00000000b8bb0000, 0x00000000b8d20000)
 tenured generation   total 29620K, used 25243K [0x00000000cd550000, 0x00000000cf23d000, 0x00000000f8000000)
   the space 29620K,  85% used [0x00000000cd550000, 0x00000000cedf6c70, 0x00000000cedf6e00, 0x00000000cf23d000)
 compacting perm gen  total 34688K, used 34619K [0x00000000f8000000, 0x00000000fa1e0000, 0x0000000100000000)
   the space 34688K,  99% used [0x00000000f8000000, 0x00000000fa1cec40, 0x00000000fa1cee00, 0x00000000fa1e0000)
No shared spaces configured.
}
Event: 27.108 GC heap before
{Heap before GC invocations=18 (full 2):
 def new generation   total 13440K, used 12602K [0x00000000b8000000, 0x00000000b8e90000, 0x00000000cd550000)
  eden space 11968K,  99% used [0x00000000b8000000, 0x00000000b8bad860, 0x00000000b8bb0000)
  from space 1472K,  43% used [0x00000000b8d20000, 0x00000000b8dc11a0, 0x00000000b8e90000)
  to   space 1472K,   0% used [0x00000000b8bb0000, 0x00000000b8bb0000, 0x00000000b8d20000)
 tenured generation   total 29620K, used 25243K [0x00000000cd550000, 0x00000000cf23d000, 0x00000000f8000000)
   the space 29620K,  85% used [0x00000000cd550000, 0x00000000cedf6c70, 0x00000000cedf6e00, 0x00000000cf23d000)
 compacting perm gen  total 35008K, used 34793K [0x00000000f8000000, 0x00000000fa230000, 0x0000000100000000)
   the space 35008K,  99% used [0x00000000f8000000, 0x00000000fa1fa650, 0x00000000fa1fa800, 0x00000000fa230000)
No shared spaces configured.
Event: 27.125 GC heap after
Heap after GC invocations=19 (full 2):
 def new generation   total 13440K, used 1471K [0x00000000b8000000, 0x00000000b8e90000, 0x00000000cd550000)
  eden space 11968K,   0% used [0x00000000b8000000, 0x00000000b8000000, 0x00000000b8bb0000)
  from space 1472K,  99% used [0x00000000b8bb0000, 0x00000000b8d1fff8, 0x00000000b8d20000)
  to   space 1472K,   0% used [0x00000000b8d20000, 0x00000000b8d20000, 0x00000000b8e90000)
 tenured generation   total 29620K, used 26504K [0x00000000cd550000, 0x00000000cf23d000, 0x00000000f8000000)
   the space 29620K,  89% used [0x00000000cd550000, 0x00000000cef32328, 0x00000000cef32400, 0x00000000cf23d000)
 compacting perm gen  total 35008K, used 34793K [0x00000000f8000000, 0x00000000fa230000, 0x0000000100000000)
   the space 35008K,  99% used [0x00000000f8000000, 0x00000000fa1fa650, 0x00000000fa1fa800, 0x00000000fa230000)
No shared spaces configured.
}
Event: 33.429 GC heap before
{Heap before GC invocations=19 (full 2):
 def new generation   total 13440K, used 13439K [0x00000000b8000000, 0x00000000b8e90000, 0x00000000cd550000)
  eden space 11968K,  99% used [0x00000000b8000000, 0x00000000b8bafdf0, 0x00000000b8bb0000)
  from space 1472K,  99% used [0x00000000b8bb0000, 0x00000000b8d1fff8, 0x00000000b8d20000)
  to   space 1472K,   0% used [0x00000000b8d20000, 0x00000000b8d20000, 0x00000000b8e90000)
 tenured generation   total 29620K, used 26504K [0x00000000cd550000, 0x00000000cf23d000, 0x00000000f8000000)
   the space 29620K,  89% used [0x00000000cd550000, 0x00000000cef32328, 0x00000000cef32400, 0x00000000cf23d000)
 compacting perm gen  total 36928K, used 36716K [0x00000000f8000000, 0x00000000fa410000, 0x0000000100000000)
   the space 36928K,  99% used [0x00000000f8000000, 0x00000000fa3db268, 0x00000000fa3db400, 0x00000000fa410000)
No shared spaces configured.
Event: 33.447 GC heap after
Heap after GC invocations=20 (full 2):
 def new generation   total 13440K, used 1472K [0x00000000b8000000, 0x00000000b8e90000, 0x00000000cd550000)
  eden space 11968K,   0% used [0x00000000b8000000, 0x00000000b8000000, 0x00000000b8bb0000)
  from space 1472K, 100% used [0x00000000b8d20000, 0x00000000b8e90000, 0x00000000b8e90000)
  to   space 1472K,   0% used [0x00000000b8bb0000, 0x00000000b8bb0000, 0x00000000b8d20000)
 tenured generation   total 29620K, used 28557K [0x00000000cd550000, 0x00000000cf23d000, 0x00000000f8000000)
   the space 29620K,  96% used [0x00000000cd550000, 0x00000000cf133610, 0x00000000cf133800, 0x00000000cf23d000)
 compacting perm gen  total 36928K, used 36716K [0x00000000f8000000, 0x00000000fa410000, 0x0000000100000000)
   the space 36928K,  99% used [0x00000000f8000000, 0x00000000fa3db268, 0x00000000fa3db400, 0x00000000fa410000)
No shared spaces configured.
}
Event: 36.582 GC heap before
{Heap before GC invocations=20 (full 2):
 def new generation   total 13440K, used 4183K [0x00000000b8000000, 0x00000000b8e90000, 0x00000000cd550000)
  eden space 11968K,  22% used [0x00000000b8000000, 0x00000000b82a5d80, 0x00000000b8bb0000)
  from space 1472K, 100% used [0x00000000b8d20000, 0x00000000b8e90000, 0x00000000b8e90000)
  to   space 1472K,   0% used [0x00000000b8bb0000, 0x00000000b8bb0000, 0x00000000b8d20000)
 tenured generation   total 29620K, used 28557K [0x00000000cd550000, 0x00000000cf23d000, 0x00000000f8000000)
   the space 29620K,  96% used [0x00000000cd550000, 0x00000000cf133610, 0x00000000cf133800, 0x00000000cf23d000)
 compacting perm gen  total 37568K, used 37567K [0x00000000f8000000, 0x00000000fa4b0000, 0x0000000100000000)
   the space 37568K,  99% used [0x00000000f8000000, 0x00000000fa4afff0, 0x00000000fa4b0000, 0x00000000fa4b0000)
No shared spaces configured.
Event: 36.749 GC heap after
Heap after GC invocations=21 (full 3):
 def new generation   total 14400K, used 0K [0x00000000b8000000, 0x00000000b8f90000, 0x00000000cd550000)
  eden space 12864K,   0% used [0x00000000b8000000, 0x00000000b8000000, 0x00000000b8c90000)
  from space 1536K,   0% used [0x00000000b8c90000, 0x00000000b8c90000, 0x00000000b8e10000)
  to   space 1536K,   0% used [0x00000000b8e10000, 0x00000000b8e10000, 0x00000000b8f90000)
 tenured generation   total 31700K, used 19018K [0x00000000cd550000, 0x00000000cf445000, 0x00000000f8000000)
   the space 31700K,  59% used [0x00000000cd550000, 0x00000000ce7e2a20, 0x00000000ce7e2c00, 0x00000000cf445000)
 compacting perm gen  total 37568K, used 37567K [0x00000000f8000000, 0x00000000fa4b0000, 0x0000000100000000)
   the space 37568K,  99% used [0x00000000f8000000, 0x00000000fa4afff0, 0x00000000fa4b0000, 0x00000000fa4b0000)
No shared spaces configured.
}
Event: 53.479 GC heap before
{Heap before GC invocations=21 (full 3):
 def new generation   total 14400K, used 12864K [0x00000000b8000000, 0x00000000b8f90000, 0x00000000cd550000)
  eden space 12864K, 100% used [0x00000000b8000000, 0x00000000b8c90000, 0x00000000b8c90000)
  from space 1536K,   0% used [0x00000000b8c90000, 0x00000000b8c90000, 0x00000000b8e10000)
  to   space 1536K,   0% used [0x00000000b8e10000, 0x00000000b8e10000, 0x00000000b8f90000)
 tenured generation   total 31700K, used 19018K [0x00000000cd550000, 0x00000000cf445000, 0x00000000f8000000)
   the space 31700K,  59% used [0x00000000cd550000, 0x00000000ce7e2a20, 0x00000000ce7e2c00, 0x00000000cf445000)
 compacting perm gen  total 40128K, used 40040K [0x00000000f8000000, 0x00000000fa730000, 0x0000000100000000)
   the space 40128K,  99% used [0x00000000f8000000, 0x00000000fa71a1b8, 0x00000000fa71a200, 0x00000000fa730000)
No shared spaces configured.
Event: 53.499 GC heap after
Heap after GC invocations=22 (full 3):
 def new generation   total 14400K, used 1535K [0x00000000b8000000, 0x00000000b8f90000, 0x00000000cd550000)
  eden space 12864K,   0% used [0x00000000b8000000, 0x00000000b8000000, 0x00000000b8c90000)
  from space 1536K,  99% used [0x00000000b8e10000, 0x00000000b8f8fff8, 0x00000000b8f90000)
  to   space 1536K,   0% used [0x00000000b8c90000, 0x00000000b8c90000, 0x00000000b8e10000)
 tenured generation   total 31700K, used 20823K [0x00000000cd550000, 0x00000000cf445000, 0x00000000f8000000)
   the space 31700K,  65% used [0x00000000cd550000, 0x00000000ce9a5c80, 0x00000000ce9a5e00, 0x00000000cf445000)
 compacting perm gen  total 40128K, used 40040K [0x00000000f8000000, 0x00000000fa730000, 0x0000000100000000)
   the space 40128K,  99% used [0x00000000f8000000, 0x00000000fa71a1b8, 0x00000000fa71a200, 0x00000000fa730000)
No shared spaces configured.
}

