# JRE version: Java(TM) SE Runtime Environment (7.0_71-b14) (build 1.7.0_71-b14)
# Java VM: Java HotSpot(TM) 64-Bit Server VM (24.71-b01 mixed mode linux-amd64 compressed oops)
Heap
 def new generation   total 18432K, used 2112K [0x00000000b8000000, 0x00000000b93f0000, 0x00000000cd550000)
  eden space 16448K,   0% used [0x00000000b8000000, 0x00000000b8020400, 0x00000000b9010000)
  from space 1984K,  99% used [0x00000000b9200000, 0x00000000b93efff8, 0x00000000b93f0000)
  to   space 1984K,   0% used [0x00000000b9010000, 0x00000000b9010000, 0x00000000b9200000)
 tenured generation   total 40716K, used 26191K [0x00000000cd550000, 0x00000000cfd13000, 0x00000000f8000000)
   the space 40716K,  64% used [0x00000000cd550000, 0x00000000ceee3c70, 0x00000000ceee3e00, 0x00000000cfd13000)
 compacting perm gen  total 40448K, used 40219K [0x00000000f8000000, 0x00000000fa780000, 0x0000000100000000)
   the space 40448K,  99% used [0x00000000f8000000, 0x00000000fa746ce0, 0x00000000fa746e00, 0x00000000fa780000)
GC Heap History (10 events):
Event: 28.855 GC heap before
{Heap before GC invocations=17 (full 2):
 def new generation   total 13312K, used 13312K [0x00000000b8000000, 0x00000000b8e70000, 0x00000000cd550000)
  eden space 11840K, 100% used [0x00000000b8000000, 0x00000000b8b90000, 0x00000000b8b90000)
  from space 1472K, 100% used [0x00000000b8b90000, 0x00000000b8d00000, 0x00000000b8d00000)
  to   space 1472K,   0% used [0x00000000b8d00000, 0x00000000b8d00000, 0x00000000b8e70000)
 tenured generation   total 29476K, used 23370K [0x00000000cd550000, 0x00000000cf219000, 0x00000000f8000000)
   the space 29476K,  79% used [0x00000000cd550000, 0x00000000cec22b90, 0x00000000cec22c00, 0x00000000cf219000)
 compacting perm gen  total 35968K, used 35841K [0x00000000f8000000, 0x00000000fa320000, 0x0000000100000000)
   the space 35968K,  99% used [0x00000000f8000000, 0x00000000fa3007a8, 0x00000000fa300800, 0x00000000fa320000)
No shared spaces configured.
Event: 28.874 GC heap after
Heap after GC invocations=18 (full 2):
 def new generation   total 13312K, used 1471K [0x00000000b8000000, 0x00000000b8e70000, 0x00000000cd550000)
  eden space 11840K,   0% used [0x00000000b8000000, 0x00000000b8000000, 0x00000000b8b90000)
  from space 1472K,  99% used [0x00000000b8d00000, 0x00000000b8e6fff8, 0x00000000b8e70000)
  to   space 1472K,   0% used [0x00000000b8b90000, 0x00000000b8b90000, 0x00000000b8d00000)
 tenured generation   total 29476K, used 24908K [0x00000000cd550000, 0x00000000cf219000, 0x00000000f8000000)
   the space 29476K,  84% used [0x00000000cd550000, 0x00000000ceda3248, 0x00000000ceda3400, 0x00000000cf219000)
 compacting perm gen  total 35968K, used 35841K [0x00000000f8000000, 0x00000000fa320000, 0x0000000100000000)
   the space 35968K,  99% used [0x00000000f8000000, 0x00000000fa3007a8, 0x00000000fa300800, 0x00000000fa320000)
No shared spaces configured.
}
Event: 31.619 GC heap before
{Heap before GC invocations=18 (full 2):
 def new generation   total 13312K, used 13311K [0x00000000b8000000, 0x00000000b8e70000, 0x00000000cd550000)
  eden space 11840K, 100% used [0x00000000b8000000, 0x00000000b8b90000, 0x00000000b8b90000)
  from space 1472K,  99% used [0x00000000b8d00000, 0x00000000b8e6fff8, 0x00000000b8e70000)
  to   space 1472K,   0% used [0x00000000b8b90000, 0x00000000b8b90000, 0x00000000b8d00000)
 tenured generation   total 29476K, used 24908K [0x00000000cd550000, 0x00000000cf219000, 0x00000000f8000000)
   the space 29476K,  84% used [0x00000000cd550000, 0x00000000ceda3248, 0x00000000ceda3400, 0x00000000cf219000)
 compacting perm gen  total 36928K, used 36629K [0x00000000f8000000, 0x00000000fa410000, 0x0000000100000000)
   the space 36928K,  99% used [0x00000000f8000000, 0x00000000fa3c55e0, 0x00000000fa3c5600, 0x00000000fa410000)
No shared spaces configured.
Event: 31.637 GC heap after
Heap after GC invocations=19 (full 2):
 def new generation   total 13312K, used 1471K [0x00000000b8000000, 0x00000000b8e70000, 0x00000000cd550000)
  eden space 11840K,   0% used [0x00000000b8000000, 0x00000000b8000000, 0x00000000b8b90000)
  from space 1472K,  99% used [0x00000000b8b90000, 0x00000000b8cffff0, 0x00000000b8d00000)
  to   space 1472K,   0% used [0x00000000b8d00000, 0x00000000b8d00000, 0x00000000b8e70000)
 tenured generation   total 29476K, used 25889K [0x00000000cd550000, 0x00000000cf219000, 0x00000000f8000000)
   the space 29476K,  87% used [0x00000000cd550000, 0x00000000cee98698, 0x00000000cee98800, 0x00000000cf219000)
 compacting perm gen  total 36928K, used 36629K [0x00000000f8000000, 0x00000000fa410000, 0x0000000100000000)
   the space 36928K,  99% used [0x00000000f8000000, 0x00000000fa3c55e0, 0x00000000fa3c5600, 0x00000000fa410000)
No shared spaces configured.
}
Event: 32.562 GC heap before
{Heap before GC invocations=19 (full 2):
 def new generation   total 13312K, used 13311K [0x00000000b8000000, 0x00000000b8e70000, 0x00000000cd550000)
  eden space 11840K, 100% used [0x00000000b8000000, 0x00000000b8b90000, 0x00000000b8b90000)
  from space 1472K,  99% used [0x00000000b8b90000, 0x00000000b8cffff0, 0x00000000b8d00000)
  to   space 1472K,   0% used [0x00000000b8d00000, 0x00000000b8d00000, 0x00000000b8e70000)
 tenured generation   total 29476K, used 25889K [0x00000000cd550000, 0x00000000cf219000, 0x00000000f8000000)
   the space 29476K,  87% used [0x00000000cd550000, 0x00000000cee98698, 0x00000000cee98800, 0x00000000cf219000)
 compacting perm gen  total 37568K, used 37463K [0x00000000f8000000, 0x00000000fa4b0000, 0x0000000100000000)
   the space 37568K,  99% used [0x00000000f8000000, 0x00000000fa495d20, 0x00000000fa495e00, 0x00000000fa4b0000)
No shared spaces configured.
Event: 32.578 GC heap after
Heap after GC invocations=20 (full 2):
 def new generation   total 13312K, used 1472K [0x00000000b8000000, 0x00000000b8e70000, 0x00000000cd550000)
  eden space 11840K,   0% used [0x00000000b8000000, 0x00000000b8000000, 0x00000000b8b90000)
  from space 1472K, 100% used [0x00000000b8d00000, 0x00000000b8e70000, 0x00000000b8e70000)
  to   space 1472K,   0% used [0x00000000b8b90000, 0x00000000b8b90000, 0x00000000b8d00000)
 tenured generation   total 29476K, used 27723K [0x00000000cd550000, 0x00000000cf219000, 0x00000000f8000000)
   the space 29476K,  94% used [0x00000000cd550000, 0x00000000cf062f48, 0x00000000cf063000, 0x00000000cf219000)
 compacting perm gen  total 37568K, used 37463K [0x00000000f8000000, 0x00000000fa4b0000, 0x0000000100000000)
   the space 37568K,  99% used [0x00000000f8000000, 0x00000000fa495d20, 0x00000000fa495e00, 0x00000000fa4b0000)
No shared spaces configured.
}
Event: 32.758 GC heap before
{Heap before GC invocations=20 (full 2):
 def new generation   total 13312K, used 3608K [0x00000000b8000000, 0x00000000b8e70000, 0x00000000cd550000)
  eden space 11840K,  18% used [0x00000000b8000000, 0x00000000b8216258, 0x00000000b8b90000)
  from space 1472K, 100% used [0x00000000b8d00000, 0x00000000b8e70000, 0x00000000b8e70000)
  to   space 1472K,   0% used [0x00000000b8b90000, 0x00000000b8b90000, 0x00000000b8d00000)
 tenured generation   total 29476K, used 27723K [0x00000000cd550000, 0x00000000cf219000, 0x00000000f8000000)
   the space 29476K,  94% used [0x00000000cd550000, 0x00000000cf062f48, 0x00000000cf063000, 0x00000000cf219000)
 compacting perm gen  total 37568K, used 37567K [0x00000000f8000000, 0x00000000fa4b0000, 0x0000000100000000)
   the space 37568K,  99% used [0x00000000f8000000, 0x00000000fa4afdc0, 0x00000000fa4afe00, 0x00000000fa4b0000)
No shared spaces configured.
Event: 32.957 GC heap after
Heap after GC invocations=21 (full 3):
 def new generation   total 18432K, used 0K [0x00000000b8000000, 0x00000000b93f0000, 0x00000000cd550000)
  eden space 16448K,   0% used [0x00000000b8000000, 0x00000000b8000000, 0x00000000b9010000)
  from space 1984K,   0% used [0x00000000b9010000, 0x00000000b9010000, 0x00000000b9200000)
  to   space 1984K,   0% used [0x00000000b9200000, 0x00000000b9200000, 0x00000000b93f0000)
 tenured generation   total 40716K, used 24427K [0x00000000cd550000, 0x00000000cfd13000, 0x00000000f8000000)
   the space 40716K,  59% used [0x00000000cd550000, 0x00000000ced2aea8, 0x00000000ced2b000, 0x00000000cfd13000)
 compacting perm gen  total 37568K, used 37567K [0x00000000f8000000, 0x00000000fa4b0000, 0x0000000100000000)
   the space 37568K,  99% used [0x00000000f8000000, 0x00000000fa4afdc0, 0x00000000fa4afe00, 0x00000000fa4b0000)
No shared spaces configured.
}
Event: 101.234 GC heap before
{Heap before GC invocations=21 (full 3):
 def new generation   total 18432K, used 16448K [0x00000000b8000000, 0x00000000b93f0000, 0x00000000cd550000)
  eden space 16448K, 100% used [0x00000000b8000000, 0x00000000b9010000, 0x00000000b9010000)
  from space 1984K,   0% used [0x00000000b9010000, 0x00000000b9010000, 0x00000000b9200000)
  to   space 1984K,   0% used [0x00000000b9200000, 0x00000000b9200000, 0x00000000b93f0000)
 tenured generation   total 40716K, used 24427K [0x00000000cd550000, 0x00000000cfd13000, 0x00000000f8000000)
   the space 40716K,  59% used [0x00000000cd550000, 0x00000000ced2aea8, 0x00000000ced2b000, 0x00000000cfd13000)
 compacting perm gen  total 40448K, used 40215K [0x00000000f8000000, 0x00000000fa780000, 0x0000000100000000)
   the space 40448K,  99% used [0x00000000f8000000, 0x00000000fa745e40, 0x00000000fa746000, 0x00000000fa780000)
No shared spaces configured.
Event: 101.278 GC heap after
Heap after GC invocations=22 (full 3):
 def new generation   total 18432K, used 1983K [0x00000000b8000000, 0x00000000b93f0000, 0x00000000cd550000)
  eden space 16448K,   0% used [0x00000000b8000000, 0x00000000b8000000, 0x00000000b9010000)
  from space 1984K,  99% used [0x00000000b9200000, 0x00000000b93efff8, 0x00000000b93f0000)
  to   space 1984K,   0% used [0x00000000b9010000, 0x00000000b9010000, 0x00000000b9200000)
 tenured generation   total 40716K, used 26191K [0x00000000cd550000, 0x00000000cfd13000, 0x00000000f8000000)
   the space 40716K,  64% used [0x00000000cd550000, 0x00000000ceee3c70, 0x00000000ceee3e00, 0x00000000cfd13000)
 compacting perm gen  total 40448K, used 40215K [0x00000000f8000000, 0x00000000fa780000, 0x0000000100000000)
   the space 40448K,  99% used [0x00000000f8000000, 0x00000000fa745e40, 0x00000000fa746000, 0x00000000fa780000)
No shared spaces configured.
}

