# JRE version: Java(TM) SE Runtime Environment (7.0_71-b14) (build 1.7.0_71-b14)
# Java VM: Java HotSpot(TM) 64-Bit Server VM (24.71-b01 mixed mode linux-amd64 compressed oops)
Heap
 def new generation   total 16064K, used 8439K [0x00000000b8000000, 0x00000000b9160000, 0x00000000cd550000)
  eden space 14336K,  58% used [0x00000000b8000000, 0x00000000b883dc60, 0x00000000b8e00000)
  from space 1728K,   0% used [0x00000000b8e00000, 0x00000000b8e00000, 0x00000000b8fb0000)
  to   space 1728K,   0% used [0x00000000b8fb0000, 0x00000000b8fb0000, 0x00000000b9160000)
 tenured generation   total 35396K, used 21236K [0x00000000cd550000, 0x00000000cf7e1000, 0x00000000f8000000)
   the space 35396K,  59% used [0x00000000cd550000, 0x00000000cea0d298, 0x00000000cea0d400, 0x00000000cf7e1000)
 compacting perm gen  total 43776K, used 43644K [0x00000000f8000000, 0x00000000faac0000, 0x0000000100000000)
   the space 43776K,  99% used [0x00000000f8000000, 0x00000000faa9f1c8, 0x00000000faa9f200, 0x00000000faac0000)
GC Heap History (10 events):
Event: 27.428 GC heap before
{Heap before GC invocations=18 (full 2):
 def new generation   total 13312K, used 12459K [0x00000000b8000000, 0x00000000b8e70000, 0x00000000cd550000)
  eden space 11840K, 100% used [0x00000000b8000000, 0x00000000b8b90000, 0x00000000b8b90000)
  from space 1472K,  42% used [0x00000000b8d00000, 0x00000000b8d9ae70, 0x00000000b8e70000)
  to   space 1472K,   0% used [0x00000000b8b90000, 0x00000000b8b90000, 0x00000000b8d00000)
 tenured generation   total 29360K, used 24781K [0x00000000cd550000, 0x00000000cf1fc000, 0x00000000f8000000)
   the space 29360K,  84% used [0x00000000cd550000, 0x00000000ced835d0, 0x00000000ced83600, 0x00000000cf1fc000)
 compacting perm gen  total 35648K, used 35533K [0x00000000f8000000, 0x00000000fa2d0000, 0x0000000100000000)
   the space 35648K,  99% used [0x00000000f8000000, 0x00000000fa2b3488, 0x00000000fa2b3600, 0x00000000fa2d0000)
No shared spaces configured.
Event: 27.458 GC heap after
Heap after GC invocations=19 (full 2):
 def new generation   total 13312K, used 1472K [0x00000000b8000000, 0x00000000b8e70000, 0x00000000cd550000)
  eden space 11840K,   0% used [0x00000000b8000000, 0x00000000b8000000, 0x00000000b8b90000)
  from space 1472K, 100% used [0x00000000b8b90000, 0x00000000b8d00000, 0x00000000b8d00000)
  to   space 1472K,   0% used [0x00000000b8d00000, 0x00000000b8d00000, 0x00000000b8e70000)
 tenured generation   total 29360K, used 26128K [0x00000000cd550000, 0x00000000cf1fc000, 0x00000000f8000000)
   the space 29360K,  88% used [0x00000000cd550000, 0x00000000ceed4170, 0x00000000ceed4200, 0x00000000cf1fc000)
 compacting perm gen  total 35648K, used 35533K [0x00000000f8000000, 0x00000000fa2d0000, 0x0000000100000000)
   the space 35648K,  99% used [0x00000000f8000000, 0x00000000fa2b3488, 0x00000000fa2b3600, 0x00000000fa2d0000)
No shared spaces configured.
}
Event: 28.845 GC heap before
{Heap before GC invocations=19 (full 2):
 def new generation   total 13312K, used 13312K [0x00000000b8000000, 0x00000000b8e70000, 0x00000000cd550000)
  eden space 11840K, 100% used [0x00000000b8000000, 0x00000000b8b90000, 0x00000000b8b90000)
  from space 1472K, 100% used [0x00000000b8b90000, 0x00000000b8d00000, 0x00000000b8d00000)
  to   space 1472K,   0% used [0x00000000b8d00000, 0x00000000b8d00000, 0x00000000b8e70000)
 tenured generation   total 29360K, used 26128K [0x00000000cd550000, 0x00000000cf1fc000, 0x00000000f8000000)
   the space 29360K,  88% used [0x00000000cd550000, 0x00000000ceed4170, 0x00000000ceed4200, 0x00000000cf1fc000)
 compacting perm gen  total 35648K, used 35602K [0x00000000f8000000, 0x00000000fa2d0000, 0x0000000100000000)
   the space 35648K,  99% used [0x00000000f8000000, 0x00000000fa2c4a68, 0x00000000fa2c4c00, 0x00000000fa2d0000)
No shared spaces configured.
Event: 28.889 GC heap after
Heap after GC invocations=20 (full 2):
 def new generation   total 13312K, used 1472K [0x00000000b8000000, 0x00000000b8e70000, 0x00000000cd550000)
  eden space 11840K,   0% used [0x00000000b8000000, 0x00000000b8000000, 0x00000000b8b90000)
  from space 1472K, 100% used [0x00000000b8d00000, 0x00000000b8e70000, 0x00000000b8e70000)
  to   space 1472K,   0% used [0x00000000b8b90000, 0x00000000b8b90000, 0x00000000b8d00000)
 tenured generation   total 29360K, used 28125K [0x00000000cd550000, 0x00000000cf1fc000, 0x00000000f8000000)
   the space 29360K,  95% used [0x00000000cd550000, 0x00000000cf0c7530, 0x00000000cf0c7600, 0x00000000cf1fc000)
 compacting perm gen  total 35648K, used 35602K [0x00000000f8000000, 0x00000000fa2d0000, 0x0000000100000000)
   the space 35648K,  99% used [0x00000000f8000000, 0x00000000fa2c4a68, 0x00000000fa2c4c00, 0x00000000fa2d0000)
No shared spaces configured.
}
Event: 64.221 GC heap before
{Heap before GC invocations=20 (full 2):
 def new generation   total 13312K, used 13312K [0x00000000b8000000, 0x00000000b8e70000, 0x00000000cd550000)
  eden space 11840K, 100% used [0x00000000b8000000, 0x00000000b8b90000, 0x00000000b8b90000)
  from space 1472K, 100% used [0x00000000b8d00000, 0x00000000b8e70000, 0x00000000b8e70000)
  to   space 1472K,   0% used [0x00000000b8b90000, 0x00000000b8b90000, 0x00000000b8d00000)
 tenured generation   total 29360K, used 28125K [0x00000000cd550000, 0x00000000cf1fc000, 0x00000000f8000000)
   the space 29360K,  95% used [0x00000000cd550000, 0x00000000cf0c7530, 0x00000000cf0c7600, 0x00000000cf1fc000)
 compacting perm gen  total 37568K, used 37375K [0x00000000f8000000, 0x00000000fa4b0000, 0x0000000100000000)
   the space 37568K,  99% used [0x00000000f8000000, 0x00000000fa47ffd0, 0x00000000fa480000, 0x00000000fa4b0000)
No shared spaces configured.
Event: 64.455 GC heap after
Heap after GC invocations=21 (full 3):
 def new generation   total 15488K, used 0K [0x00000000b8000000, 0x00000000b90c0000, 0x00000000cd550000)
  eden space 13824K,   0% used [0x00000000b8000000, 0x00000000b8000000, 0x00000000b8d80000)
  from space 1664K,   0% used [0x00000000b8d80000, 0x00000000b8d80000, 0x00000000b8f20000)
  to   space 1664K,   0% used [0x00000000b8f20000, 0x00000000b8f20000, 0x00000000b90c0000)
 tenured generation   total 34160K, used 20495K [0x00000000cd550000, 0x00000000cf6ac000, 0x00000000f8000000)
   the space 34160K,  59% used [0x00000000cd550000, 0x00000000ce953d10, 0x00000000ce953e00, 0x00000000cf6ac000)
 compacting perm gen  total 37376K, used 37375K [0x00000000f8000000, 0x00000000fa480000, 0x0000000100000000)
   the space 37376K,  99% used [0x00000000f8000000, 0x00000000fa47ffd0, 0x00000000fa480000, 0x00000000fa480000)
No shared spaces configured.
}
Event: 102.588 GC heap before
{Heap before GC invocations=21 (full 3):
 def new generation   total 15488K, used 13824K [0x00000000b8000000, 0x00000000b90c0000, 0x00000000cd550000)
  eden space 13824K, 100% used [0x00000000b8000000, 0x00000000b8d80000, 0x00000000b8d80000)
  from space 1664K,   0% used [0x00000000b8d80000, 0x00000000b8d80000, 0x00000000b8f20000)
  to   space 1664K,   0% used [0x00000000b8f20000, 0x00000000b8f20000, 0x00000000b90c0000)
 tenured generation   total 34160K, used 20495K [0x00000000cd550000, 0x00000000cf6ac000, 0x00000000f8000000)
   the space 34160K,  59% used [0x00000000cd550000, 0x00000000ce953d10, 0x00000000ce953e00, 0x00000000cf6ac000)
 compacting perm gen  total 39616K, used 39546K [0x00000000f8000000, 0x00000000fa6b0000, 0x0000000100000000)
   the space 39616K,  99% used [0x00000000f8000000, 0x00000000fa69eab8, 0x00000000fa69ec00, 0x00000000fa6b0000)
No shared spaces configured.
Event: 102.629 GC heap after
Heap after GC invocations=22 (full 3):
 def new generation   total 15488K, used 1664K [0x00000000b8000000, 0x00000000b90c0000, 0x00000000cd550000)
  eden space 13824K,   0% used [0x00000000b8000000, 0x00000000b8000000, 0x00000000b8d80000)
  from space 1664K, 100% used [0x00000000b8f20000, 0x00000000b90c0000, 0x00000000b90c0000)
  to   space 1664K,   0% used [0x00000000b8d80000, 0x00000000b8d80000, 0x00000000b8f20000)
 tenured generation   total 34160K, used 21617K [0x00000000cd550000, 0x00000000cf6ac000, 0x00000000f8000000)
   the space 34160K,  63% used [0x00000000cd550000, 0x00000000cea6c7f8, 0x00000000cea6c800, 0x00000000cf6ac000)
 compacting perm gen  total 39616K, used 39546K [0x00000000f8000000, 0x00000000fa6b0000, 0x0000000100000000)
   the space 39616K,  99% used [0x00000000f8000000, 0x00000000fa69eab8, 0x00000000fa69ec00, 0x00000000fa6b0000)
No shared spaces configured.
}
Event: 129.828 GC heap before
{Heap before GC invocations=22 (full 3):
 def new generation   total 15488K, used 14370K [0x00000000b8000000, 0x00000000b90c0000, 0x00000000cd550000)
  eden space 13824K,  91% used [0x00000000b8000000, 0x00000000b8c68820, 0x00000000b8d80000)
  from space 1664K, 100% used [0x00000000b8f20000, 0x00000000b90c0000, 0x00000000b90c0000)
  to   space 1664K,   0% used [0x00000000b8d80000, 0x00000000b8d80000, 0x00000000b8f20000)
 tenured generation   total 34160K, used 21617K [0x00000000cd550000, 0x00000000cf6ac000, 0x00000000f8000000)
   the space 34160K,  63% used [0x00000000cd550000, 0x00000000cea6c7f8, 0x00000000cea6c800, 0x00000000cf6ac000)
 compacting perm gen  total 42816K, used 42815K [0x00000000f8000000, 0x00000000fa9d0000, 0x0000000100000000)
   the space 42816K,  99% used [0x00000000f8000000, 0x00000000fa9cfff8, 0x00000000fa9d0000, 0x00000000fa9d0000)
No shared spaces configured.
Event: 130.049 GC heap after
Heap after GC invocations=23 (full 4):
 def new generation   total 16064K, used 0K [0x00000000b8000000, 0x00000000b9160000, 0x00000000cd550000)
  eden space 14336K,   0% used [0x00000000b8000000, 0x00000000b8000000, 0x00000000b8e00000)
  from space 1728K,   0% used [0x00000000b8e00000, 0x00000000b8e00000, 0x00000000b8fb0000)
  to   space 1728K,   0% used [0x00000000b8fb0000, 0x00000000b8fb0000, 0x00000000b9160000)
 tenured generation   total 35396K, used 21236K [0x00000000cd550000, 0x00000000cf7e1000, 0x00000000f8000000)
   the space 35396K,  59% used [0x00000000cd550000, 0x00000000cea0d298, 0x00000000cea0d400, 0x00000000cf7e1000)
 compacting perm gen  total 42816K, used 42801K [0x00000000f8000000, 0x00000000fa9d0000, 0x0000000100000000)
   the space 42816K,  99% used [0x00000000f8000000, 0x00000000fa9cc598, 0x00000000fa9cc600, 0x00000000fa9d0000)
No shared spaces configured.
}

