# JRE version: Java(TM) SE Runtime Environment (7.0_71-b14) (build 1.7.0_71-b14)
# Java VM: Java HotSpot(TM) 64-Bit Server VM (24.71-b01 mixed mode linux-amd64 compressed oops)
Heap
 def new generation   total 14080K, used 12357K [0x00000000b8000000, 0x00000000b8f40000, 0x00000000cd550000)
  eden space 12544K,  97% used [0x00000000b8000000, 0x00000000b8be2f18, 0x00000000b8c40000)
  from space 1536K,  12% used [0x00000000b8c40000, 0x00000000b8c6e6a8, 0x00000000b8dc0000)
  to   space 1536K,   0% used [0x00000000b8dc0000, 0x00000000b8dc0000, 0x00000000b8f40000)
 tenured generation   total 31096K, used 18656K [0x00000000cd550000, 0x00000000cf3ae000, 0x00000000f8000000)
   the space 31096K,  59% used [0x00000000cd550000, 0x00000000ce7881b0, 0x00000000ce788200, 0x00000000cf3ae000)
 compacting perm gen  total 39488K, used 39196K [0x00000000f8000000, 0x00000000fa690000, 0x0000000100000000)
   the space 39488K,  99% used [0x00000000f8000000, 0x00000000fa647178, 0x00000000fa647200, 0x00000000fa690000)
GC Heap History (10 events):
Event: 26.902 GC heap before
{Heap before GC invocations=19 (full 2):
 def new generation   total 12416K, used 12039K [0x00000000b8000000, 0x00000000b8d70000, 0x00000000cd550000)
  eden space 11072K,  99% used [0x00000000b8000000, 0x00000000b8ac6dd8, 0x00000000b8ad0000)
  from space 1344K,  74% used [0x00000000b8ad0000, 0x00000000b8bcb178, 0x00000000b8c20000)
  to   space 1344K,   0% used [0x00000000b8c20000, 0x00000000b8c20000, 0x00000000b8d70000)
 tenured generation   total 27396K, used 24017K [0x00000000cd550000, 0x00000000cf011000, 0x00000000f8000000)
   the space 27396K,  87% used [0x00000000cd550000, 0x00000000cecc4450, 0x00000000cecc4600, 0x00000000cf011000)
 compacting perm gen  total 35008K, used 34929K [0x00000000f8000000, 0x00000000fa230000, 0x0000000100000000)
   the space 35008K,  99% used [0x00000000f8000000, 0x00000000fa21c550, 0x00000000fa21c600, 0x00000000fa230000)
No shared spaces configured.
Event: 26.906 GC heap after
Heap after GC invocations=20 (full 2):
 def new generation   total 12416K, used 173K [0x00000000b8000000, 0x00000000b8d70000, 0x00000000cd550000)
  eden space 11072K,   0% used [0x00000000b8000000, 0x00000000b8000000, 0x00000000b8ad0000)
  from space 1344K,  12% used [0x00000000b8c20000, 0x00000000b8c4b5e8, 0x00000000b8d70000)
  to   space 1344K,   0% used [0x00000000b8ad0000, 0x00000000b8ad0000, 0x00000000b8c20000)
 tenured generation   total 27396K, used 24592K [0x00000000cd550000, 0x00000000cf011000, 0x00000000f8000000)
   the space 27396K,  89% used [0x00000000cd550000, 0x00000000ced541e8, 0x00000000ced54200, 0x00000000cf011000)
 compacting perm gen  total 35008K, used 34929K [0x00000000f8000000, 0x00000000fa230000, 0x0000000100000000)
   the space 35008K,  99% used [0x00000000f8000000, 0x00000000fa21c550, 0x00000000fa21c600, 0x00000000fa230000)
No shared spaces configured.
}
Event: 323.862 GC heap before
{Heap before GC invocations=20 (full 2):
 def new generation   total 12416K, used 11245K [0x00000000b8000000, 0x00000000b8d70000, 0x00000000cd550000)
  eden space 11072K, 100% used [0x00000000b8000000, 0x00000000b8ad0000, 0x00000000b8ad0000)
  from space 1344K,  12% used [0x00000000b8c20000, 0x00000000b8c4b5e8, 0x00000000b8d70000)
  to   space 1344K,   0% used [0x00000000b8ad0000, 0x00000000b8ad0000, 0x00000000b8c20000)
 tenured generation   total 27396K, used 24592K [0x00000000cd550000, 0x00000000cf011000, 0x00000000f8000000)
   the space 27396K,  89% used [0x00000000cd550000, 0x00000000ced541e8, 0x00000000ced54200, 0x00000000cf011000)
 compacting perm gen  total 37568K, used 37467K [0x00000000f8000000, 0x00000000fa4b0000, 0x0000000100000000)
   the space 37568K,  99% used [0x00000000f8000000, 0x00000000fa496d78, 0x00000000fa496e00, 0x00000000fa4b0000)
No shared spaces configured.
Event: 323.881 GC heap after
Heap after GC invocations=21 (full 2):
 def new generation   total 12416K, used 1344K [0x00000000b8000000, 0x00000000b8d70000, 0x00000000cd550000)
  eden space 11072K,   0% used [0x00000000b8000000, 0x00000000b8000000, 0x00000000b8ad0000)
  from space 1344K, 100% used [0x00000000b8ad0000, 0x00000000b8c20000, 0x00000000b8c20000)
  to   space 1344K,   0% used [0x00000000b8c20000, 0x00000000b8c20000, 0x00000000b8d70000)
 tenured generation   total 27396K, used 26258K [0x00000000cd550000, 0x00000000cf011000, 0x00000000f8000000)
   the space 27396K,  95% used [0x00000000cd550000, 0x00000000ceef4808, 0x00000000ceef4a00, 0x00000000cf011000)
 compacting perm gen  total 37568K, used 37467K [0x00000000f8000000, 0x00000000fa4b0000, 0x0000000100000000)
   the space 37568K,  99% used [0x00000000f8000000, 0x00000000fa496d78, 0x00000000fa496e00, 0x00000000fa4b0000)
No shared spaces configured.
}
Event: 324.027 GC heap before
{Heap before GC invocations=21 (full 2):
 def new generation   total 12416K, used 1905K [0x00000000b8000000, 0x00000000b8d70000, 0x00000000cd550000)
  eden space 11072K,   5% used [0x00000000b8000000, 0x00000000b808c598, 0x00000000b8ad0000)
  from space 1344K, 100% used [0x00000000b8ad0000, 0x00000000b8c20000, 0x00000000b8c20000)
  to   space 1344K,   0% used [0x00000000b8c20000, 0x00000000b8c20000, 0x00000000b8d70000)
 tenured generation   total 27396K, used 26258K [0x00000000cd550000, 0x00000000cf011000, 0x00000000f8000000)
   the space 27396K,  95% used [0x00000000cd550000, 0x00000000ceef4808, 0x00000000ceef4a00, 0x00000000cf011000)
 compacting perm gen  total 37568K, used 37567K [0x00000000f8000000, 0x00000000fa4b0000, 0x0000000100000000)
   the space 37568K,  99% used [0x00000000f8000000, 0x00000000fa4aff00, 0x00000000fa4b0000, 0x00000000fa4b0000)
No shared spaces configured.
Event: 324.182 GC heap after
Heap after GC invocations=22 (full 3):
 def new generation   total 14080K, used 0K [0x00000000b8000000, 0x00000000b8f40000, 0x00000000cd550000)
  eden space 12544K,   0% used [0x00000000b8000000, 0x00000000b8000000, 0x00000000b8c40000)
  from space 1536K,   0% used [0x00000000b8c40000, 0x00000000b8c40000, 0x00000000b8dc0000)
  to   space 1536K,   0% used [0x00000000b8dc0000, 0x00000000b8dc0000, 0x00000000b8f40000)
 tenured generation   total 31096K, used 18656K [0x00000000cd550000, 0x00000000cf3ae000, 0x00000000f8000000)
   the space 31096K,  59% used [0x00000000cd550000, 0x00000000ce7881b0, 0x00000000ce788200, 0x00000000cf3ae000)
 compacting perm gen  total 37568K, used 37567K [0x00000000f8000000, 0x00000000fa4b0000, 0x0000000100000000)
   the space 37568K,  99% used [0x00000000f8000000, 0x00000000fa4aff00, 0x00000000fa4b0000, 0x00000000fa4b0000)
No shared spaces configured.
}
Event: 17853.486 GC heap before
{Heap before GC invocations=22 (full 3):
 def new generation   total 14080K, used 12544K [0x00000000b8000000, 0x00000000b8f40000, 0x00000000cd550000)
  eden space 12544K, 100% used [0x00000000b8000000, 0x00000000b8c40000, 0x00000000b8c40000)
  from space 1536K,   0% used [0x00000000b8c40000, 0x00000000b8c40000, 0x00000000b8dc0000)
  to   space 1536K,   0% used [0x00000000b8dc0000, 0x00000000b8dc0000, 0x00000000b8f40000)
 tenured generation   total 31096K, used 18656K [0x00000000cd550000, 0x00000000cf3ae000, 0x00000000f8000000)
   the space 31096K,  59% used [0x00000000cd550000, 0x00000000ce7881b0, 0x00000000ce788200, 0x00000000cf3ae000)
 compacting perm gen  total 38528K, used 38425K [0x00000000f8000000, 0x00000000fa5a0000, 0x0000000100000000)
   the space 38528K,  99% used [0x00000000f8000000, 0x00000000fa586488, 0x00000000fa586600, 0x00000000fa5a0000)
No shared spaces configured.
Event: 17853.493 GC heap after
Heap after GC invocations=23 (full 3):
 def new generation   total 14080K, used 615K [0x00000000b8000000, 0x00000000b8f40000, 0x00000000cd550000)
  eden space 12544K,   0% used [0x00000000b8000000, 0x00000000b8000000, 0x00000000b8c40000)
  from space 1536K,  40% used [0x00000000b8dc0000, 0x00000000b8e59f58, 0x00000000b8f40000)
  to   space 1536K,   0% used [0x00000000b8c40000, 0x00000000b8c40000, 0x00000000b8dc0000)
 tenured generation   total 31096K, used 18656K [0x00000000cd550000, 0x00000000cf3ae000, 0x00000000f8000000)
   the space 31096K,  59% used [0x00000000cd550000, 0x00000000ce7881b0, 0x00000000ce788200, 0x00000000cf3ae000)
 compacting perm gen  total 38528K, used 38425K [0x00000000f8000000, 0x00000000fa5a0000, 0x0000000100000000)
   the space 38528K,  99% used [0x00000000f8000000, 0x00000000fa586488, 0x00000000fa586600, 0x00000000fa5a0000)
No shared spaces configured.
}
Event: 41791.981 GC heap before
{Heap before GC invocations=23 (full 3):
 def new generation   total 14080K, used 13159K [0x00000000b8000000, 0x00000000b8f40000, 0x00000000cd550000)
  eden space 12544K, 100% used [0x00000000b8000000, 0x00000000b8c40000, 0x00000000b8c40000)
  from space 1536K,  40% used [0x00000000b8dc0000, 0x00000000b8e59f58, 0x00000000b8f40000)
  to   space 1536K,   0% used [0x00000000b8c40000, 0x00000000b8c40000, 0x00000000b8dc0000)
 tenured generation   total 31096K, used 18656K [0x00000000cd550000, 0x00000000cf3ae000, 0x00000000f8000000)
   the space 31096K,  59% used [0x00000000cd550000, 0x00000000ce7881b0, 0x00000000ce788200, 0x00000000cf3ae000)
 compacting perm gen  total 38528K, used 38476K [0x00000000f8000000, 0x00000000fa5a0000, 0x0000000100000000)
   the space 38528K,  99% used [0x00000000f8000000, 0x00000000fa593360, 0x00000000fa593400, 0x00000000fa5a0000)
No shared spaces configured.
Event: 41791.986 GC heap after
Heap after GC invocations=24 (full 3):
 def new generation   total 14080K, used 185K [0x00000000b8000000, 0x00000000b8f40000, 0x00000000cd550000)
  eden space 12544K,   0% used [0x00000000b8000000, 0x00000000b8000000, 0x00000000b8c40000)
  from space 1536K,  12% used [0x00000000b8c40000, 0x00000000b8c6e6a8, 0x00000000b8dc0000)
  to   space 1536K,   0% used [0x00000000b8dc0000, 0x00000000b8dc0000, 0x00000000b8f40000)
 tenured generation   total 31096K, used 18656K [0x00000000cd550000, 0x00000000cf3ae000, 0x00000000f8000000)
   the space 31096K,  59% used [0x00000000cd550000, 0x00000000ce7881b0, 0x00000000ce788200, 0x00000000cf3ae000)
 compacting perm gen  total 38528K, used 38476K [0x00000000f8000000, 0x00000000fa5a0000, 0x0000000100000000)
   the space 38528K,  99% used [0x00000000f8000000, 0x00000000fa593360, 0x00000000fa593400, 0x00000000fa5a0000)
No shared spaces configured.
}

