# JRE version: Java(TM) SE Runtime Environment (7.0_71-b14) (build 1.7.0_71-b14)
# Java VM: Java HotSpot(TM) 64-Bit Server VM (24.71-b01 mixed mode linux-amd64 compressed oops)
Heap
 def new generation   total 16512K, used 4884K [0x00000000b8000000, 0x00000000b91e0000, 0x00000000cd550000)
  eden space 14720K,  33% used [0x00000000b8000000, 0x00000000b84c5148, 0x00000000b8e60000)
  from space 1792K,   0% used [0x00000000b8e60000, 0x00000000b8e60000, 0x00000000b9020000)
  to   space 1792K,   0% used [0x00000000b9020000, 0x00000000b9020000, 0x00000000b91e0000)
 tenured generation   total 36440K, used 20198K [0x00000000cd550000, 0x00000000cf8e6000, 0x00000000f8000000)
   the space 36440K,  55% used [0x00000000cd550000, 0x00000000ce909800, 0x00000000ce909800, 0x00000000cf8e6000)
 compacting perm gen  total 44096K, used 43802K [0x00000000f8000000, 0x00000000fab10000, 0x0000000100000000)
   the space 44096K,  99% used [0x00000000f8000000, 0x00000000faac6880, 0x00000000faac6a00, 0x00000000fab10000)
GC Heap History (10 events):
Event: 30.166 GC heap before
{Heap before GC invocations=19 (full 2):
 def new generation   total 11008K, used 11007K [0x00000000b8000000, 0x00000000b8bf0000, 0x00000000cd550000)
  eden space 9792K, 100% used [0x00000000b8000000, 0x00000000b8990000, 0x00000000b8990000)
  from space 1216K,  99% used [0x00000000b8990000, 0x00000000b8abfff8, 0x00000000b8ac0000)
  to   space 1216K,   0% used [0x00000000b8ac0000, 0x00000000b8ac0000, 0x00000000b8bf0000)
 tenured generation   total 24316K, used 21949K [0x00000000cd550000, 0x00000000ced0f000, 0x00000000f8000000)
   the space 24316K,  90% used [0x00000000cd550000, 0x00000000ceabf620, 0x00000000ceabf800, 0x00000000ced0f000)
 compacting perm gen  total 36608K, used 36350K [0x00000000f8000000, 0x00000000fa3c0000, 0x0000000100000000)
   the space 36608K,  99% used [0x00000000f8000000, 0x00000000fa37fb48, 0x00000000fa37fc00, 0x00000000fa3c0000)
No shared spaces configured.
Event: 30.217 GC heap after
Heap after GC invocations=20 (full 2):
 def new generation   total 11008K, used 1216K [0x00000000b8000000, 0x00000000b8bf0000, 0x00000000cd550000)
  eden space 9792K,   0% used [0x00000000b8000000, 0x00000000b8000000, 0x00000000b8990000)
  from space 1216K, 100% used [0x00000000b8ac0000, 0x00000000b8bf0000, 0x00000000b8bf0000)
  to   space 1216K,   0% used [0x00000000b8990000, 0x00000000b8990000, 0x00000000b8ac0000)
 tenured generation   total 24316K, used 23769K [0x00000000cd550000, 0x00000000ced0f000, 0x00000000f8000000)
   the space 24316K,  97% used [0x00000000cd550000, 0x00000000cec86448, 0x00000000cec86600, 0x00000000ced0f000)
 compacting perm gen  total 36608K, used 36350K [0x00000000f8000000, 0x00000000fa3c0000, 0x0000000100000000)
   the space 36608K,  99% used [0x00000000f8000000, 0x00000000fa37fb48, 0x00000000fa37fc00, 0x00000000fa3c0000)
No shared spaces configured.
}
Event: 30.733 GC heap before
{Heap before GC invocations=20 (full 2):
 def new generation   total 11008K, used 11008K [0x00000000b8000000, 0x00000000b8bf0000, 0x00000000cd550000)
  eden space 9792K, 100% used [0x00000000b8000000, 0x00000000b8990000, 0x00000000b8990000)
  from space 1216K, 100% used [0x00000000b8ac0000, 0x00000000b8bf0000, 0x00000000b8bf0000)
  to   space 1216K,   0% used [0x00000000b8990000, 0x00000000b8990000, 0x00000000b8ac0000)
 tenured generation   total 24316K, used 23769K [0x00000000cd550000, 0x00000000ced0f000, 0x00000000f8000000)
   the space 24316K,  97% used [0x00000000cd550000, 0x00000000cec86448, 0x00000000cec86600, 0x00000000ced0f000)
 compacting perm gen  total 36608K, used 36355K [0x00000000f8000000, 0x00000000fa3c0000, 0x0000000100000000)
   the space 36608K,  99% used [0x00000000f8000000, 0x00000000fa380cb0, 0x00000000fa380e00, 0x00000000fa3c0000)
No shared spaces configured.
Event: 31.134 GC heap after
Heap after GC invocations=21 (full 3):
 def new generation   total 16512K, used 0K [0x00000000b8000000, 0x00000000b91e0000, 0x00000000cd550000)
  eden space 14720K,   0% used [0x00000000b8000000, 0x00000000b8000000, 0x00000000b8e60000)
  from space 1792K,   0% used [0x00000000b8e60000, 0x00000000b8e60000, 0x00000000b9020000)
  to   space 1792K,   0% used [0x00000000b9020000, 0x00000000b9020000, 0x00000000b91e0000)
 tenured generation   total 36440K, used 21861K [0x00000000cd550000, 0x00000000cf8e6000, 0x00000000f8000000)
   the space 36440K,  59% used [0x00000000cd550000, 0x00000000ceaa9690, 0x00000000ceaa9800, 0x00000000cf8e6000)
 compacting perm gen  total 36416K, used 36355K [0x00000000f8000000, 0x00000000fa390000, 0x0000000100000000)
   the space 36416K,  99% used [0x00000000f8000000, 0x00000000fa380cb0, 0x00000000fa380e00, 0x00000000fa390000)
No shared spaces configured.
}
Event: 34.627 GC heap before
{Heap before GC invocations=21 (full 3):
 def new generation   total 16512K, used 14720K [0x00000000b8000000, 0x00000000b91e0000, 0x00000000cd550000)
  eden space 14720K, 100% used [0x00000000b8000000, 0x00000000b8e60000, 0x00000000b8e60000)
  from space 1792K,   0% used [0x00000000b8e60000, 0x00000000b8e60000, 0x00000000b9020000)
  to   space 1792K,   0% used [0x00000000b9020000, 0x00000000b9020000, 0x00000000b91e0000)
 tenured generation   total 36440K, used 21861K [0x00000000cd550000, 0x00000000cf8e6000, 0x00000000f8000000)
   the space 36440K,  59% used [0x00000000cd550000, 0x00000000ceaa9690, 0x00000000ceaa9800, 0x00000000cf8e6000)
 compacting perm gen  total 36736K, used 36501K [0x00000000f8000000, 0x00000000fa3e0000, 0x0000000100000000)
   the space 36736K,  99% used [0x00000000f8000000, 0x00000000fa3a5488, 0x00000000fa3a5600, 0x00000000fa3e0000)
No shared spaces configured.
Event: 34.641 GC heap after
Heap after GC invocations=22 (full 3):
 def new generation   total 16512K, used 1791K [0x00000000b8000000, 0x00000000b91e0000, 0x00000000cd550000)
  eden space 14720K,   0% used [0x00000000b8000000, 0x00000000b8000000, 0x00000000b8e60000)
  from space 1792K,  99% used [0x00000000b9020000, 0x00000000b91dfff8, 0x00000000b91e0000)
  to   space 1792K,   0% used [0x00000000b8e60000, 0x00000000b8e60000, 0x00000000b9020000)
 tenured generation   total 36440K, used 22474K [0x00000000cd550000, 0x00000000cf8e6000, 0x00000000f8000000)
   the space 36440K,  61% used [0x00000000cd550000, 0x00000000ceb42808, 0x00000000ceb42a00, 0x00000000cf8e6000)
 compacting perm gen  total 36736K, used 36501K [0x00000000f8000000, 0x00000000fa3e0000, 0x0000000100000000)
   the space 36736K,  99% used [0x00000000f8000000, 0x00000000fa3a5488, 0x00000000fa3a5600, 0x00000000fa3e0000)
No shared spaces configured.
}
Event: 116.523 GC heap before
{Heap before GC invocations=22 (full 3):
 def new generation   total 16512K, used 16511K [0x00000000b8000000, 0x00000000b91e0000, 0x00000000cd550000)
  eden space 14720K, 100% used [0x00000000b8000000, 0x00000000b8e60000, 0x00000000b8e60000)
  from space 1792K,  99% used [0x00000000b9020000, 0x00000000b91dfff8, 0x00000000b91e0000)
  to   space 1792K,   0% used [0x00000000b8e60000, 0x00000000b8e60000, 0x00000000b9020000)
 tenured generation   total 36440K, used 22474K [0x00000000cd550000, 0x00000000cf8e6000, 0x00000000f8000000)
   the space 36440K,  61% used [0x00000000cd550000, 0x00000000ceb42808, 0x00000000ceb42a00, 0x00000000cf8e6000)
 compacting perm gen  total 38336K, used 38024K [0x00000000f8000000, 0x00000000fa570000, 0x0000000100000000)
   the space 38336K,  99% used [0x00000000f8000000, 0x00000000fa5223a0, 0x00000000fa522400, 0x00000000fa570000)
No shared spaces configured.
Event: 116.540 GC heap after
Heap after GC invocations=23 (full 3):
 def new generation   total 16512K, used 1792K [0x00000000b8000000, 0x00000000b91e0000, 0x00000000cd550000)
  eden space 14720K,   0% used [0x00000000b8000000, 0x00000000b8000000, 0x00000000b8e60000)
  from space 1792K, 100% used [0x00000000b8e60000, 0x00000000b9020000, 0x00000000b9020000)
  to   space 1792K,   0% used [0x00000000b9020000, 0x00000000b9020000, 0x00000000b91e0000)
 tenured generation   total 36440K, used 24143K [0x00000000cd550000, 0x00000000cf8e6000, 0x00000000f8000000)
   the space 36440K,  66% used [0x00000000cd550000, 0x00000000cece3c48, 0x00000000cece3e00, 0x00000000cf8e6000)
 compacting perm gen  total 38336K, used 38024K [0x00000000f8000000, 0x00000000fa570000, 0x0000000100000000)
   the space 38336K,  99% used [0x00000000f8000000, 0x00000000fa5223a0, 0x00000000fa522400, 0x00000000fa570000)
No shared spaces configured.
}
Event: 121.040 GC heap before
{Heap before GC invocations=23 (full 3):
 def new generation   total 16512K, used 12856K [0x00000000b8000000, 0x00000000b91e0000, 0x00000000cd550000)
  eden space 14720K,  75% used [0x00000000b8000000, 0x00000000b8ace2f8, 0x00000000b8e60000)
  from space 1792K, 100% used [0x00000000b8e60000, 0x00000000b9020000, 0x00000000b9020000)
  to   space 1792K,   0% used [0x00000000b9020000, 0x00000000b9020000, 0x00000000b91e0000)
 tenured generation   total 36440K, used 24143K [0x00000000cd550000, 0x00000000cf8e6000, 0x00000000f8000000)
   the space 36440K,  66% used [0x00000000cd550000, 0x00000000cece3c48, 0x00000000cece3e00, 0x00000000cf8e6000)
 compacting perm gen  total 41856K, used 41855K [0x00000000f8000000, 0x00000000fa8e0000, 0x0000000100000000)
   the space 41856K,  99% used [0x00000000f8000000, 0x00000000fa8dffb0, 0x00000000fa8e0000, 0x00000000fa8e0000)
No shared spaces configured.
Event: 121.239 GC heap after
Heap after GC invocations=24 (full 4):
 def new generation   total 16512K, used 0K [0x00000000b8000000, 0x00000000b91e0000, 0x00000000cd550000)
  eden space 14720K,   0% used [0x00000000b8000000, 0x00000000b8000000, 0x00000000b8e60000)
  from space 1792K,   0% used [0x00000000b8e60000, 0x00000000b8e60000, 0x00000000b9020000)
  to   space 1792K,   0% used [0x00000000b9020000, 0x00000000b9020000, 0x00000000b91e0000)
 tenured generation   total 36440K, used 20198K [0x00000000cd550000, 0x00000000cf8e6000, 0x00000000f8000000)
   the space 36440K,  55% used [0x00000000cd550000, 0x00000000ce909800, 0x00000000ce909800, 0x00000000cf8e6000)
 compacting perm gen  total 41856K, used 41839K [0x00000000f8000000, 0x00000000fa8e0000, 0x0000000100000000)
   the space 41856K,  99% used [0x00000000f8000000, 0x00000000fa8dbfd0, 0x00000000fa8dc000, 0x00000000fa8e0000)
No shared spaces configured.
}

